<?xml version="1.0" encoding="UTF-8"?>
<!-- Generated by org.testng.reporters.JUnitXMLReporter -->
<testsuite ignored="0" hostname="DESKTOP-D3N9BFH" failures="2" tests="9" name="Data provider with csv and json file" time="5.832" errors="0" timestamp="2022-08-28T14:29:48 IDT">
  <testcase classname="teamtask.AppTest" name="testDataCSV" time="2.777"/>
  <testcase classname="teamtask.AppTest" name="testDataCSV" time="0.271"/>
  <testcase classname="teamtask.AppTest" name="testDataCSV" time="0.423"/>
  <testcase classname="teamtask.AppTest" name="testDataCSV" time="0.27"/>
  <testcase classname="teamtask.AppTest" name="testDataCSV" time="0.247">
    <failure type="junit.framework.AssertionFailedError" message="expected:&amp;lt;404&amp;gt; but was:&amp;lt;200&amp;gt;">
      <![CDATA[junit.framework.AssertionFailedError: expected:<404> but was:<200>
at junit.framework.Assert.fail(Assert.java:50)
at junit.framework.Assert.failNotEquals(Assert.java:287)
at junit.framework.Assert.assertEquals(Assert.java:67)
at junit.framework.Assert.assertEquals(Assert.java:199)
at junit.framework.Assert.assertEquals(Assert.java:205)
at teamtask.AppTest.testDataCSV(AppTest.java:44)
at java.base/java.util.ArrayList.forEach(ArrayList.java:1511)
... Removed 27 stack frames]]>
    </failure>
  </testcase> <!-- testDataCSV -->
  <testcase classname="teamtask.AppTest" name="testDataCSV" time="0.484"/>
  <testcase classname="teamtask.AppTest" name="testDataCSV" time="0.253">
    <failure type="junit.framework.AssertionFailedError" message="expected:&amp;lt;404&amp;gt; but was:&amp;lt;200&amp;gt;">
      <![CDATA[junit.framework.AssertionFailedError: expected:<404> but was:<200>
at junit.framework.Assert.fail(Assert.java:50)
at junit.framework.Assert.failNotEquals(Assert.java:287)
at junit.framework.Assert.assertEquals(Assert.java:67)
at junit.framework.Assert.assertEquals(Assert.java:199)
at junit.framework.Assert.assertEquals(Assert.java:205)
at teamtask.AppTest.testDataCSV(AppTest.java:44)
at java.base/java.util.ArrayList.forEach(ArrayList.java:1511)
... Removed 27 stack frames]]>
    </failure>
  </testcase> <!-- testDataCSV -->
  <testcase classname="teamtask.AppTest" name="testDataCSV" time="0.27"/>
  <testcase classname="teamtask.AppTest" name="testDataCSV" time="0.744"/>
</testsuite> <!-- Data provider with csv and json file -->
